<?xml version="1.0" encoding="UTF-8"?>
<testng-results ignored="0" total="1" passed="1" failed="0" skipped="0">
  <reporter-output>
  </reporter-output>
  <suite started-at="2020-09-26T13:43:34Z" name="seleniumCTCoTaskTest" finished-at="2020-09-26T13:43:42Z" duration-ms="8630">
    <groups>
    </groups>
    <test started-at="2020-09-26T13:43:34Z" name="Command line test" finished-at="2020-09-26T13:43:42Z" duration-ms="8630">
      <class name="seleniumCTCoTaskTest">
        <test-method signature="testProfessionalSkillsAndQualificationContainFiveSkills()[pri:0, instance:seleniumCTCoTaskTest@78e67e0a]" started-at="2020-09-26T13:43:34Z" name="testProfessionalSkillsAndQualificationContainFiveSkills" finished-at="2020-09-26T13:43:42Z" duration-ms="8616" status="PASS">
          <reporter-output>
          </reporter-output>
        </test-method> <!-- testProfessionalSkillsAndQualificationContainFiveSkills -->
      </class> <!-- seleniumCTCoTaskTest -->
    </test> <!-- Command line test -->
  </suite> <!-- seleniumCTCoTaskTest -->
</testng-results>
